Arguments: 
  /usr/local/bin/node /home/ruhulbro/.yarn/releases/yarn-1.22.10.cjs add bootstrap

PATH: 
  /usr/local/sbin:/usr/local/bin:/usr/sbin:/usr/bin:/sbin:/bin:/usr/games:/usr/local/games:/snap/bin

Yarn version: 
  1.22.10

Node version: 
  14.17.1

Platform: 
  linux x64

Trace: 
  Error: getaddrinfo EAI_AGAIN registry.yarnpkg.com
      at GetAddrInfoReqWrap.onlookup [as oncomplete] (dns.js:69:26)

npm manifest: 
  {
    "name": "bootstrap-learning",
    "version": "1.0.0",
    "description": "",
    "main": "index.js",
    "scripts": {
      "test": "echo \"Error: no test specified\" && exit 1"
    },
    "keywords": [
      "bootstrap-v5",
      "bootstrap"
    ],
    "author": "ruhul amin",
    "license": "ISC",
    "dependencies": {
      "sass": "^1.35.2"
    }
  }

yarn manifest: 
  No manifest

Lockfile: 
  No lockfile
